2024-05-09T12:36:59.406+04:00  INFO 19624 --- [main] az.spring.blog.BlogApplication           : Starting BlogApplication using Java 17.0.8 with PID 19624 (C:\Users\User\Blog\target\classes started by User in C:\Users\User\Blog)
2024-05-09T12:36:59.410+04:00  INFO 19624 --- [main] az.spring.blog.BlogApplication           : No active profile set, falling back to 1 default profile: "default"
2024-05-09T12:37:00.045+04:00  INFO 19624 --- [main] .s.d.r.c.RepositoryConfigurationDelegate : Bootstrapping Spring Data JPA repositories in DEFAULT mode.
2024-05-09T12:37:00.064+04:00  INFO 19624 --- [main] .s.d.r.c.RepositoryConfigurationDelegate : Finished Spring Data repository scanning in 11 ms. Found 0 JPA repository interfaces.
2024-05-09T12:37:00.574+04:00  INFO 19624 --- [main] o.s.b.w.embedded.tomcat.TomcatWebServer  : Tomcat initialized with port(s): 8090 (http)
2024-05-09T12:37:00.586+04:00  INFO 19624 --- [main] o.apache.catalina.core.StandardService   : Starting service [Tomcat]
2024-05-09T12:37:00.587+04:00  INFO 19624 --- [main] o.apache.catalina.core.StandardEngine    : Starting Servlet engine: [Apache Tomcat/10.1.1]
2024-05-09T12:37:00.695+04:00  INFO 19624 --- [main] o.a.c.c.C.[Tomcat].[localhost].[/]       : Initializing Spring embedded WebApplicationContext
2024-05-09T12:37:00.696+04:00  INFO 19624 --- [main] w.s.c.ServletWebServerApplicationContext : Root WebApplicationContext: initialization completed in 1235 ms
2024-05-09T12:37:01.130+04:00  INFO 19624 --- [main] com.zaxxer.hikari.HikariDataSource       : HikariPool-1 - Starting...
2024-05-09T12:37:01.523+04:00  INFO 19624 --- [main] com.zaxxer.hikari.pool.HikariPool        : HikariPool-1 - Added connection com.mysql.cj.jdbc.ConnectionImpl@3b57f915
2024-05-09T12:37:01.525+04:00  INFO 19624 --- [main] com.zaxxer.hikari.HikariDataSource       : HikariPool-1 - Start completed.
2024-05-09T12:37:01.597+04:00  INFO 19624 --- [main] SQL dialect                              : HHH000400: Using dialect: org.hibernate.dialect.MySQLDialect
2024-05-09T12:37:01.927+04:00  INFO 19624 --- [main] j.LocalContainerEntityManagerFactoryBean : Initialized JPA EntityManagerFactory for persistence unit 'default'
2024-05-09T12:37:01.975+04:00  WARN 19624 --- [main] JpaBaseConfiguration$JpaWebConfiguration : spring.jpa.open-in-view is enabled by default. Therefore, database queries may be performed during view rendering. Explicitly configure spring.jpa.open-in-view to disable this warning
2024-05-09T12:37:02.325+04:00  WARN 19624 --- [main] .s.s.UserDetailsServiceAutoConfiguration : 

Using generated security password: 41121963-e83d-4561-9ead-a0d3d6e0f7e8

This generated password is for development use only. Your security configuration must be updated before running your application in production.

2024-05-09T12:37:02.411+04:00  INFO 19624 --- [main] o.s.s.web.DefaultSecurityFilterChain     : Will secure any request with [org.springframework.security.web.session.DisableEncodeUrlFilter@684a802a, org.springframework.security.web.context.request.async.WebAsyncManagerIntegrationFilter@7b5c9412, org.springframework.security.web.context.SecurityContextHolderFilter@d5a72cd, org.springframework.security.web.header.HeaderWriterFilter@b787274, org.springframework.security.web.csrf.CsrfFilter@7074da1d, org.springframework.security.web.authentication.logout.LogoutFilter@ba87c11, org.springframework.security.web.authentication.UsernamePasswordAuthenticationFilter@64ef2719, org.springframework.security.web.authentication.ui.DefaultLoginPageGeneratingFilter@3c4c7e51, org.springframework.security.web.authentication.ui.DefaultLogoutPageGeneratingFilter@69d902f9, org.springframework.security.web.authentication.www.BasicAuthenticationFilter@10a064bd, org.springframework.security.web.savedrequest.RequestCacheAwareFilter@3b77940f, org.springframework.security.web.servletapi.SecurityContextHolderAwareRequestFilter@1aa31454, org.springframework.security.web.authentication.AnonymousAuthenticationFilter@547052, org.springframework.security.web.access.ExceptionTranslationFilter@776d8097, org.springframework.security.web.access.intercept.AuthorizationFilter@4258106]
2024-05-09T12:37:02.480+04:00  INFO 19624 --- [main] o.s.b.w.embedded.tomcat.TomcatWebServer  : Tomcat started on port(s): 8090 (http) with context path ''
2024-05-09T12:37:02.493+04:00  INFO 19624 --- [main] az.spring.blog.BlogApplication           : Started BlogApplication in 3.659 seconds (process running for 4.297)
2024-05-09T12:37:05.910+04:00  INFO 19624 --- [SpringApplicationShutdownHook] j.LocalContainerEntityManagerFactoryBean : Closing JPA EntityManagerFactory for persistence unit 'default'
2024-05-09T12:37:05.912+04:00  INFO 19624 --- [SpringApplicationShutdownHook] com.zaxxer.hikari.HikariDataSource       : HikariPool-1 - Shutdown initiated...
2024-05-09T12:37:05.922+04:00  INFO 19624 --- [SpringApplicationShutdownHook] com.zaxxer.hikari.HikariDataSource       : HikariPool-1 - Shutdown completed.
2024-05-09T16:29:57.258+04:00  INFO 18588 --- [main] az.spring.blog.BlogApplication           : Starting BlogApplication using Java 17.0.8 with PID 18588 (C:\Users\User\Blog\target\classes started by User in C:\Users\User\Blog)
2024-05-09T16:29:57.261+04:00  INFO 18588 --- [main] az.spring.blog.BlogApplication           : No active profile set, falling back to 1 default profile: "default"
2024-05-09T16:29:57.851+04:00  INFO 18588 --- [main] .s.d.r.c.RepositoryConfigurationDelegate : Bootstrapping Spring Data JPA repositories in DEFAULT mode.
2024-05-09T16:29:57.895+04:00  INFO 18588 --- [main] .s.d.r.c.RepositoryConfigurationDelegate : Finished Spring Data repository scanning in 37 ms. Found 1 JPA repository interfaces.
2024-05-09T16:29:58.318+04:00  INFO 18588 --- [main] o.s.b.w.embedded.tomcat.TomcatWebServer  : Tomcat initialized with port(s): 8090 (http)
2024-05-09T16:29:58.327+04:00  INFO 18588 --- [main] o.apache.catalina.core.StandardService   : Starting service [Tomcat]
2024-05-09T16:29:58.327+04:00  INFO 18588 --- [main] o.apache.catalina.core.StandardEngine    : Starting Servlet engine: [Apache Tomcat/10.1.1]
2024-05-09T16:29:58.394+04:00  INFO 18588 --- [main] o.a.c.c.C.[Tomcat].[localhost].[/]       : Initializing Spring embedded WebApplicationContext
2024-05-09T16:29:58.395+04:00  INFO 18588 --- [main] w.s.c.ServletWebServerApplicationContext : Root WebApplicationContext: initialization completed in 1098 ms
2024-05-09T16:29:58.792+04:00  INFO 18588 --- [main] com.zaxxer.hikari.HikariDataSource       : HikariPool-1 - Starting...
2024-05-09T16:29:59.067+04:00  INFO 18588 --- [main] com.zaxxer.hikari.pool.HikariPool        : HikariPool-1 - Added connection com.mysql.cj.jdbc.ConnectionImpl@5ab5924c
2024-05-09T16:29:59.069+04:00  INFO 18588 --- [main] com.zaxxer.hikari.HikariDataSource       : HikariPool-1 - Start completed.
2024-05-09T16:29:59.117+04:00  INFO 18588 --- [main] SQL dialect                              : HHH000400: Using dialect: org.hibernate.dialect.MySQLDialect
2024-05-09T16:29:59.897+04:00  INFO 18588 --- [main] j.LocalContainerEntityManagerFactoryBean : Initialized JPA EntityManagerFactory for persistence unit 'default'
2024-05-09T16:30:00.160+04:00  WARN 18588 --- [main] JpaBaseConfiguration$JpaWebConfiguration : spring.jpa.open-in-view is enabled by default. Therefore, database queries may be performed during view rendering. Explicitly configure spring.jpa.open-in-view to disable this warning
2024-05-09T16:30:00.431+04:00  WARN 18588 --- [main] .s.s.UserDetailsServiceAutoConfiguration : 

Using generated security password: 94e3f87d-5a89-4b6e-952d-4dfd19c08eca

This generated password is for development use only. Your security configuration must be updated before running your application in production.

2024-05-09T16:30:00.509+04:00  INFO 18588 --- [main] o.s.s.web.DefaultSecurityFilterChain     : Will secure any request with [org.springframework.security.web.session.DisableEncodeUrlFilter@4bd39edc, org.springframework.security.web.context.request.async.WebAsyncManagerIntegrationFilter@3ba50851, org.springframework.security.web.context.SecurityContextHolderFilter@4f579582, org.springframework.security.web.header.HeaderWriterFilter@501b15b9, org.springframework.security.web.csrf.CsrfFilter@4f8641d1, org.springframework.security.web.authentication.logout.LogoutFilter@e356940, org.springframework.security.web.authentication.UsernamePasswordAuthenticationFilter@2821da0a, org.springframework.security.web.authentication.ui.DefaultLoginPageGeneratingFilter@1315befe, org.springframework.security.web.authentication.ui.DefaultLogoutPageGeneratingFilter@5c20841d, org.springframework.security.web.authentication.www.BasicAuthenticationFilter@1f4de96e, org.springframework.security.web.savedrequest.RequestCacheAwareFilter@69346100, org.springframework.security.web.servletapi.SecurityContextHolderAwareRequestFilter@2786b644, org.springframework.security.web.authentication.AnonymousAuthenticationFilter@1a1dd8eb, org.springframework.security.web.access.ExceptionTranslationFilter@202b5293, org.springframework.security.web.access.intercept.AuthorizationFilter@34e7cde3]
2024-05-09T16:30:00.544+04:00  INFO 18588 --- [main] o.s.b.w.embedded.tomcat.TomcatWebServer  : Tomcat started on port(s): 8090 (http) with context path ''
2024-05-09T16:30:00.549+04:00  INFO 18588 --- [main] az.spring.blog.BlogApplication           : Started BlogApplication in 3.674 seconds (process running for 4.281)
2024-05-09T16:30:02.838+04:00  INFO 18588 --- [SpringApplicationShutdownHook] j.LocalContainerEntityManagerFactoryBean : Closing JPA EntityManagerFactory for persistence unit 'default'
2024-05-09T16:30:02.839+04:00  INFO 18588 --- [SpringApplicationShutdownHook] com.zaxxer.hikari.HikariDataSource       : HikariPool-1 - Shutdown initiated...
2024-05-09T16:30:02.845+04:00  INFO 18588 --- [SpringApplicationShutdownHook] com.zaxxer.hikari.HikariDataSource       : HikariPool-1 - Shutdown completed.
2024-05-09T16:35:58.866+04:00  INFO 8256 --- [main] az.spring.blog.BlogApplicationTests      : Starting BlogApplicationTests using Java 17.0.8 with PID 8256 (started by User in C:\Users\User\Blog)
2024-05-09T16:35:58.868+04:00  INFO 8256 --- [main] az.spring.blog.BlogApplicationTests      : No active profile set, falling back to 1 default profile: "default"
2024-05-09T16:35:59.797+04:00  INFO 8256 --- [main] .s.d.r.c.RepositoryConfigurationDelegate : Bootstrapping Spring Data JPA repositories in DEFAULT mode.
2024-05-09T16:35:59.869+04:00  INFO 8256 --- [main] .s.d.r.c.RepositoryConfigurationDelegate : Finished Spring Data repository scanning in 58 ms. Found 1 JPA repository interfaces.
2024-05-09T16:36:01.084+04:00  INFO 8256 --- [main] com.zaxxer.hikari.HikariDataSource       : HikariPool-1 - Starting...
2024-05-09T16:36:01.639+04:00  INFO 8256 --- [main] com.zaxxer.hikari.pool.HikariPool        : HikariPool-1 - Added connection com.mysql.cj.jdbc.ConnectionImpl@15e08615
2024-05-09T16:36:01.642+04:00  INFO 8256 --- [main] com.zaxxer.hikari.HikariDataSource       : HikariPool-1 - Start completed.
2024-05-09T16:36:01.719+04:00  INFO 8256 --- [main] SQL dialect                              : HHH000400: Using dialect: org.hibernate.dialect.MySQLDialect
2024-05-09T16:36:02.835+04:00  INFO 8256 --- [main] j.LocalContainerEntityManagerFactoryBean : Initialized JPA EntityManagerFactory for persistence unit 'default'
2024-05-09T16:36:03.528+04:00  WARN 8256 --- [main] JpaBaseConfiguration$JpaWebConfiguration : spring.jpa.open-in-view is enabled by default. Therefore, database queries may be performed during view rendering. Explicitly configure spring.jpa.open-in-view to disable this warning
2024-05-09T16:36:04.042+04:00  WARN 8256 --- [main] .s.s.UserDetailsServiceAutoConfiguration : 

Using generated security password: 40680012-2095-471f-ac47-bc5edc1b36c5

This generated password is for development use only. Your security configuration must be updated before running your application in production.

2024-05-09T16:36:04.197+04:00  INFO 8256 --- [main] o.s.s.web.DefaultSecurityFilterChain     : Will secure any request with [org.springframework.security.web.session.DisableEncodeUrlFilter@3cf1b5fb, org.springframework.security.web.context.request.async.WebAsyncManagerIntegrationFilter@4598961d, org.springframework.security.web.context.SecurityContextHolderFilter@3284de45, org.springframework.security.web.header.HeaderWriterFilter@c2dab10, org.springframework.security.web.csrf.CsrfFilter@3a2881d6, org.springframework.security.web.authentication.logout.LogoutFilter@2c7ac998, org.springframework.security.web.authentication.UsernamePasswordAuthenticationFilter@4f3b11e6, org.springframework.security.web.authentication.ui.DefaultLoginPageGeneratingFilter@220d7eb7, org.springframework.security.web.authentication.ui.DefaultLogoutPageGeneratingFilter@7be85f15, org.springframework.security.web.authentication.www.BasicAuthenticationFilter@4bb644dc, org.springframework.security.web.savedrequest.RequestCacheAwareFilter@4fccdd1d, org.springframework.security.web.servletapi.SecurityContextHolderAwareRequestFilter@48590849, org.springframework.security.web.authentication.AnonymousAuthenticationFilter@48619f15, org.springframework.security.web.access.ExceptionTranslationFilter@44103266, org.springframework.security.web.access.intercept.AuthorizationFilter@87df88d]
2024-05-09T16:36:04.257+04:00  INFO 8256 --- [main] az.spring.blog.BlogApplicationTests      : Started BlogApplicationTests in 5.9 seconds (process running for 7.076)
2024-05-09T16:36:04.563+04:00  INFO 8256 --- [SpringApplicationShutdownHook] j.LocalContainerEntityManagerFactoryBean : Closing JPA EntityManagerFactory for persistence unit 'default'
2024-05-09T16:36:04.567+04:00  INFO 8256 --- [SpringApplicationShutdownHook] com.zaxxer.hikari.HikariDataSource       : HikariPool-1 - Shutdown initiated...
2024-05-09T16:36:04.579+04:00  INFO 8256 --- [SpringApplicationShutdownHook] com.zaxxer.hikari.HikariDataSource       : HikariPool-1 - Shutdown completed.
2024-05-09T16:38:53.135+04:00  INFO 14964 --- [main] az.spring.blog.BlogApplication           : Starting BlogApplication using Java 17.0.8 with PID 14964 (C:\Users\User\Blog\target\classes started by User in C:\Users\User\Blog)
2024-05-09T16:38:53.150+04:00  INFO 14964 --- [main] az.spring.blog.BlogApplication           : No active profile set, falling back to 1 default profile: "default"
2024-05-09T16:38:53.816+04:00  INFO 14964 --- [main] .s.d.r.c.RepositoryConfigurationDelegate : Bootstrapping Spring Data JPA repositories in DEFAULT mode.
2024-05-09T16:38:53.879+04:00  INFO 14964 --- [main] .s.d.r.c.RepositoryConfigurationDelegate : Finished Spring Data repository scanning in 44 ms. Found 1 JPA repository interfaces.
2024-05-09T16:38:54.429+04:00  INFO 14964 --- [main] o.s.b.w.embedded.tomcat.TomcatWebServer  : Tomcat initialized with port(s): 8090 (http)
2024-05-09T16:38:54.535+04:00  INFO 14964 --- [main] w.s.c.ServletWebServerApplicationContext : Root WebApplicationContext: initialization completed in 1337 ms
2024-05-09T16:39:17.189+04:00  INFO 21880 --- [main] az.spring.blog.BlogApplication           : Starting BlogApplication using Java 17.0.8 with PID 21880 (C:\Users\User\Blog\target\classes started by User in C:\Users\User\Blog)
2024-05-09T16:39:17.191+04:00  INFO 21880 --- [main] az.spring.blog.BlogApplication           : No active profile set, falling back to 1 default profile: "default"
2024-05-09T16:39:17.820+04:00  INFO 21880 --- [main] .s.d.r.c.RepositoryConfigurationDelegate : Bootstrapping Spring Data JPA repositories in DEFAULT mode.
2024-05-09T16:39:17.867+04:00  INFO 21880 --- [main] .s.d.r.c.RepositoryConfigurationDelegate : Finished Spring Data repository scanning in 42 ms. Found 1 JPA repository interfaces.
2024-05-09T16:39:18.355+04:00  INFO 21880 --- [main] o.s.b.w.embedded.tomcat.TomcatWebServer  : Tomcat initialized with port(s): 8090 (http)
2024-05-09T16:39:18.355+04:00  INFO 21880 --- [main] o.apache.catalina.core.StandardService   : Starting service [Tomcat]
2024-05-09T16:39:18.355+04:00  INFO 21880 --- [main] o.apache.catalina.core.StandardEngine    : Starting Servlet engine: [Apache Tomcat/10.1.1]
2024-05-09T16:39:18.448+04:00  INFO 21880 --- [main] o.a.c.c.C.[Tomcat].[localhost].[/]       : Initializing Spring embedded WebApplicationContext
2024-05-09T16:39:18.448+04:00  INFO 21880 --- [main] w.s.c.ServletWebServerApplicationContext : Root WebApplicationContext: initialization completed in 1206 ms
2024-05-09T16:39:18.890+04:00  INFO 21880 --- [main] com.zaxxer.hikari.HikariDataSource       : HikariPool-1 - Starting...
2024-05-09T16:39:19.222+04:00  INFO 21880 --- [main] com.zaxxer.hikari.pool.HikariPool        : HikariPool-1 - Added connection com.mysql.cj.jdbc.ConnectionImpl@5b4954b2
2024-05-09T16:39:19.229+04:00  INFO 21880 --- [main] com.zaxxer.hikari.HikariDataSource       : HikariPool-1 - Start completed.
2024-05-09T16:39:19.277+04:00  INFO 21880 --- [main] SQL dialect                              : HHH000400: Using dialect: org.hibernate.dialect.MySQLDialect
2024-05-09T16:39:20.154+04:00  INFO 21880 --- [main] j.LocalContainerEntityManagerFactoryBean : Initialized JPA EntityManagerFactory for persistence unit 'default'
2024-05-09T16:39:20.430+04:00  WARN 21880 --- [main] JpaBaseConfiguration$JpaWebConfiguration : spring.jpa.open-in-view is enabled by default. Therefore, database queries may be performed during view rendering. Explicitly configure spring.jpa.open-in-view to disable this warning
2024-05-09T16:39:20.764+04:00  WARN 21880 --- [main] .s.s.UserDetailsServiceAutoConfiguration : 

Using generated security password: 0c996b1a-9688-4397-9259-37cf4427571c

This generated password is for development use only. Your security configuration must be updated before running your application in production.

2024-05-09T16:39:20.903+04:00  INFO 21880 --- [main] o.s.s.web.DefaultSecurityFilterChain     : Will secure any request with [org.springframework.security.web.session.DisableEncodeUrlFilter@753c7411, org.springframework.security.web.context.request.async.WebAsyncManagerIntegrationFilter@3ba015b1, org.springframework.security.web.context.SecurityContextHolderFilter@75aeec0a, org.springframework.security.web.header.HeaderWriterFilter@71f042b1, org.springframework.security.web.csrf.CsrfFilter@4cddc3d9, org.springframework.security.web.authentication.logout.LogoutFilter@501b15b9, org.springframework.security.web.authentication.UsernamePasswordAuthenticationFilter@3b38f032, org.springframework.security.web.authentication.ui.DefaultLoginPageGeneratingFilter@6d6ddeb5, org.springframework.security.web.authentication.ui.DefaultLogoutPageGeneratingFilter@499445d2, org.springframework.security.web.authentication.www.BasicAuthenticationFilter@35bf6dba, org.springframework.security.web.savedrequest.RequestCacheAwareFilter@79e28671, org.springframework.security.web.servletapi.SecurityContextHolderAwareRequestFilter@2530baf6, org.springframework.security.web.authentication.AnonymousAuthenticationFilter@5b58f639, org.springframework.security.web.access.ExceptionTranslationFilter@6e757f39, org.springframework.security.web.access.intercept.AuthorizationFilter@2786b644]
2024-05-09T16:39:20.967+04:00  INFO 21880 --- [main] o.s.b.w.embedded.tomcat.TomcatWebServer  : Tomcat started on port(s): 8090 (http) with context path ''
2024-05-09T16:39:20.973+04:00  INFO 21880 --- [main] az.spring.blog.BlogApplication           : Started BlogApplication in 4.411 seconds (process running for 5.104)
2024-05-09T16:40:14.345+04:00  INFO 21880 --- [SpringApplicationShutdownHook] j.LocalContainerEntityManagerFactoryBean : Closing JPA EntityManagerFactory for persistence unit 'default'
2024-05-09T16:40:14.349+04:00  INFO 21880 --- [SpringApplicationShutdownHook] com.zaxxer.hikari.HikariDataSource       : HikariPool-1 - Shutdown initiated...
2024-05-09T16:40:14.364+04:00  INFO 21880 --- [SpringApplicationShutdownHook] com.zaxxer.hikari.HikariDataSource       : HikariPool-1 - Shutdown completed.
2024-05-09T16:41:53.825+04:00  INFO 17728 --- [main] az.spring.blog.BlogApplication           : Starting BlogApplication using Java 17.0.8 with PID 17728 (C:\Users\User\Blog\target\classes started by User in C:\Users\User\Blog)
2024-05-09T16:41:53.830+04:00  INFO 17728 --- [main] az.spring.blog.BlogApplication           : No active profile set, falling back to 1 default profile: "default"
2024-05-09T16:41:54.692+04:00  INFO 17728 --- [main] .s.d.r.c.RepositoryConfigurationDelegate : Bootstrapping Spring Data JPA repositories in DEFAULT mode.
2024-05-09T16:41:54.756+04:00  INFO 17728 --- [main] .s.d.r.c.RepositoryConfigurationDelegate : Finished Spring Data repository scanning in 57 ms. Found 1 JPA repository interfaces.
2024-05-09T16:41:55.338+04:00  INFO 17728 --- [main] o.s.b.w.embedded.tomcat.TomcatWebServer  : Tomcat initialized with port(s): 8090 (http)
2024-05-09T16:41:55.356+04:00  INFO 17728 --- [main] o.apache.catalina.core.StandardService   : Starting service [Tomcat]
2024-05-09T16:41:55.356+04:00  INFO 17728 --- [main] o.apache.catalina.core.StandardEngine    : Starting Servlet engine: [Apache Tomcat/10.1.1]
2024-05-09T16:41:55.452+04:00  INFO 17728 --- [main] o.a.c.c.C.[Tomcat].[localhost].[/]       : Initializing Spring embedded WebApplicationContext
2024-05-09T16:41:55.457+04:00  INFO 17728 --- [main] w.s.c.ServletWebServerApplicationContext : Root WebApplicationContext: initialization completed in 1549 ms
2024-05-09T16:41:55.986+04:00  INFO 17728 --- [main] com.zaxxer.hikari.HikariDataSource       : HikariPool-1 - Starting...
2024-05-09T16:41:56.281+04:00  INFO 17728 --- [main] com.zaxxer.hikari.pool.HikariPool        : HikariPool-1 - Added connection com.mysql.cj.jdbc.ConnectionImpl@45e11627
2024-05-09T16:41:56.289+04:00  INFO 17728 --- [main] com.zaxxer.hikari.HikariDataSource       : HikariPool-1 - Start completed.
2024-05-09T16:41:56.353+04:00  INFO 17728 --- [main] SQL dialect                              : HHH000400: Using dialect: org.hibernate.dialect.MySQLDialect
2024-05-09T16:41:57.252+04:00  INFO 17728 --- [main] j.LocalContainerEntityManagerFactoryBean : Initialized JPA EntityManagerFactory for persistence unit 'default'
2024-05-09T16:41:57.572+04:00  WARN 17728 --- [main] JpaBaseConfiguration$JpaWebConfiguration : spring.jpa.open-in-view is enabled by default. Therefore, database queries may be performed during view rendering. Explicitly configure spring.jpa.open-in-view to disable this warning
2024-05-09T16:41:57.882+04:00  WARN 17728 --- [main] .s.s.UserDetailsServiceAutoConfiguration : 

Using generated security password: 6a24bf7a-474d-4be9-a224-8c4886fec370

This generated password is for development use only. Your security configuration must be updated before running your application in production.

2024-05-09T16:41:57.962+04:00  INFO 17728 --- [main] o.s.s.web.DefaultSecurityFilterChain     : Will secure any request with [org.springframework.security.web.session.DisableEncodeUrlFilter@e60c466, org.springframework.security.web.context.request.async.WebAsyncManagerIntegrationFilter@620e0d36, org.springframework.security.web.context.SecurityContextHolderFilter@35d145fb, org.springframework.security.web.header.HeaderWriterFilter@3338d29d, org.springframework.security.web.csrf.CsrfFilter@72c29d87, org.springframework.security.web.authentication.logout.LogoutFilter@5605a59b, org.springframework.security.web.authentication.UsernamePasswordAuthenticationFilter@4f579582, org.springframework.security.web.authentication.ui.DefaultLoginPageGeneratingFilter@81a56b2, org.springframework.security.web.authentication.ui.DefaultLogoutPageGeneratingFilter@5cd2adc7, org.springframework.security.web.authentication.www.BasicAuthenticationFilter@6fd07a56, org.springframework.security.web.savedrequest.RequestCacheAwareFilter@6e757f39, org.springframework.security.web.servletapi.SecurityContextHolderAwareRequestFilter@32182bf8, org.springframework.security.web.authentication.AnonymousAuthenticationFilter@3df4cd96, org.springframework.security.web.access.ExceptionTranslationFilter@2a6871ad, org.springframework.security.web.access.intercept.AuthorizationFilter@c5e7696]
2024-05-09T16:41:58.009+04:00  INFO 17728 --- [main] o.s.b.w.embedded.tomcat.TomcatWebServer  : Tomcat started on port(s): 8090 (http) with context path ''
2024-05-09T16:41:58.025+04:00  INFO 17728 --- [main] az.spring.blog.BlogApplication           : Started BlogApplication in 4.796 seconds (process running for 5.573)
2024-05-09T16:42:33.380+04:00  INFO 17728 --- [http-nio-8090-exec-1] o.a.c.c.C.[Tomcat].[localhost].[/]       : Initializing Spring DispatcherServlet 'dispatcherServlet'
2024-05-09T16:43:18.655+04:00  INFO 17728 --- [SpringApplicationShutdownHook] j.LocalContainerEntityManagerFactoryBean : Closing JPA EntityManagerFactory for persistence unit 'default'
2024-05-09T16:43:18.657+04:00  INFO 17728 --- [SpringApplicationShutdownHook] com.zaxxer.hikari.HikariDataSource       : HikariPool-1 - Shutdown initiated...
2024-05-09T16:43:18.669+04:00  INFO 17728 --- [SpringApplicationShutdownHook] com.zaxxer.hikari.HikariDataSource       : HikariPool-1 - Shutdown completed.
2024-05-09T16:43:27.418+04:00  INFO 21484 --- [main] az.spring.blog.BlogApplication           : Starting BlogApplication using Java 17.0.8 with PID 21484 (C:\Users\User\Blog\target\classes started by User in C:\Users\User\Blog)
2024-05-09T16:43:27.422+04:00  INFO 21484 --- [main] az.spring.blog.BlogApplication           : No active profile set, falling back to 1 default profile: "default"
2024-05-09T16:43:28.060+04:00  INFO 21484 --- [main] .s.d.r.c.RepositoryConfigurationDelegate : Bootstrapping Spring Data JPA repositories in DEFAULT mode.
2024-05-09T16:43:28.120+04:00  INFO 21484 --- [main] .s.d.r.c.RepositoryConfigurationDelegate : Finished Spring Data repository scanning in 53 ms. Found 1 JPA repository interfaces.
2024-05-09T16:43:28.594+04:00  INFO 21484 --- [main] o.s.b.w.embedded.tomcat.TomcatWebServer  : Tomcat initialized with port(s): 8090 (http)
2024-05-09T16:43:28.603+04:00  INFO 21484 --- [main] o.apache.catalina.core.StandardService   : Starting service [Tomcat]
2024-05-09T16:43:28.603+04:00  INFO 21484 --- [main] o.apache.catalina.core.StandardEngine    : Starting Servlet engine: [Apache Tomcat/10.1.1]
2024-05-09T16:43:28.684+04:00  INFO 21484 --- [main] o.a.c.c.C.[Tomcat].[localhost].[/]       : Initializing Spring embedded WebApplicationContext
2024-05-09T16:43:28.685+04:00  INFO 21484 --- [main] w.s.c.ServletWebServerApplicationContext : Root WebApplicationContext: initialization completed in 1205 ms
2024-05-09T16:43:29.101+04:00  INFO 21484 --- [main] com.zaxxer.hikari.HikariDataSource       : HikariPool-1 - Starting...
2024-05-09T16:43:29.366+04:00  INFO 21484 --- [main] com.zaxxer.hikari.pool.HikariPool        : HikariPool-1 - Added connection com.mysql.cj.jdbc.ConnectionImpl@467ef400
2024-05-09T16:43:29.368+04:00  INFO 21484 --- [main] com.zaxxer.hikari.HikariDataSource       : HikariPool-1 - Start completed.
2024-05-09T16:43:29.419+04:00  INFO 21484 --- [main] SQL dialect                              : HHH000400: Using dialect: org.hibernate.dialect.MySQLDialect
2024-05-09T16:43:30.226+04:00  INFO 21484 --- [main] j.LocalContainerEntityManagerFactoryBean : Initialized JPA EntityManagerFactory for persistence unit 'default'
2024-05-09T16:43:30.498+04:00  WARN 21484 --- [main] JpaBaseConfiguration$JpaWebConfiguration : spring.jpa.open-in-view is enabled by default. Therefore, database queries may be performed during view rendering. Explicitly configure spring.jpa.open-in-view to disable this warning
2024-05-09T16:43:30.819+04:00  INFO 21484 --- [main] o.s.b.w.embedded.tomcat.TomcatWebServer  : Tomcat started on port(s): 8090 (http) with context path ''
2024-05-09T16:43:30.829+04:00  INFO 21484 --- [main] az.spring.blog.BlogApplication           : Started BlogApplication in 4.021 seconds (process running for 4.766)
2024-05-09T16:43:39.112+04:00  INFO 21484 --- [http-nio-8090-exec-1] o.a.c.c.C.[Tomcat].[localhost].[/]       : Initializing Spring DispatcherServlet 'dispatcherServlet'
2024-05-09T16:43:39.238+04:00  INFO 21484 --- [http-nio-8090-exec-1] a.s.blog.service.UserRegisterService     : Inside userRegistration az.spring.blog.request.user.UserRegisterRequest@76ceea2e
2024-05-09T16:43:39.383+04:00  INFO 21484 --- [http-nio-8090-exec-1] a.s.blog.service.UserRegisterService     : Inside register az.spring.blog.entity.user.User@6ce94c31
2024-05-09T16:45:20.471+04:00  INFO 21484 --- [SpringApplicationShutdownHook] j.LocalContainerEntityManagerFactoryBean : Closing JPA EntityManagerFactory for persistence unit 'default'
2024-05-09T16:45:20.476+04:00  INFO 21484 --- [SpringApplicationShutdownHook] com.zaxxer.hikari.HikariDataSource       : HikariPool-1 - Shutdown initiated...
2024-05-09T16:45:20.492+04:00  INFO 21484 --- [SpringApplicationShutdownHook] com.zaxxer.hikari.HikariDataSource       : HikariPool-1 - Shutdown completed.
2024-05-09T16:45:25.751+04:00  INFO 12312 --- [main] az.spring.blog.BlogApplication           : Starting BlogApplication using Java 17.0.8 with PID 12312 (C:\Users\User\Blog\target\classes started by User in C:\Users\User\Blog)
2024-05-09T16:45:25.754+04:00  INFO 12312 --- [main] az.spring.blog.BlogApplication           : No active profile set, falling back to 1 default profile: "default"
2024-05-09T16:45:26.366+04:00  INFO 12312 --- [main] .s.d.r.c.RepositoryConfigurationDelegate : Bootstrapping Spring Data JPA repositories in DEFAULT mode.
2024-05-09T16:45:26.428+04:00  INFO 12312 --- [main] .s.d.r.c.RepositoryConfigurationDelegate : Finished Spring Data repository scanning in 55 ms. Found 1 JPA repository interfaces.
2024-05-09T16:45:26.973+04:00  INFO 12312 --- [main] o.s.b.w.embedded.tomcat.TomcatWebServer  : Tomcat initialized with port(s): 8090 (http)
2024-05-09T16:45:26.982+04:00  INFO 12312 --- [main] o.apache.catalina.core.StandardService   : Starting service [Tomcat]
2024-05-09T16:45:26.982+04:00  INFO 12312 --- [main] o.apache.catalina.core.StandardEngine    : Starting Servlet engine: [Apache Tomcat/10.1.1]
2024-05-09T16:45:27.097+04:00  INFO 12312 --- [main] o.a.c.c.C.[Tomcat].[localhost].[/]       : Initializing Spring embedded WebApplicationContext
2024-05-09T16:45:27.099+04:00  INFO 12312 --- [main] w.s.c.ServletWebServerApplicationContext : Root WebApplicationContext: initialization completed in 1301 ms
2024-05-09T16:45:27.548+04:00  INFO 12312 --- [main] com.zaxxer.hikari.HikariDataSource       : HikariPool-1 - Starting...
2024-05-09T16:45:27.902+04:00  INFO 12312 --- [main] com.zaxxer.hikari.pool.HikariPool        : HikariPool-1 - Added connection com.mysql.cj.jdbc.ConnectionImpl@7845b21a
2024-05-09T16:45:27.904+04:00  INFO 12312 --- [main] com.zaxxer.hikari.HikariDataSource       : HikariPool-1 - Start completed.
2024-05-09T16:45:27.960+04:00  INFO 12312 --- [main] SQL dialect                              : HHH000400: Using dialect: org.hibernate.dialect.MySQLDialect
2024-05-09T16:45:28.938+04:00  INFO 12312 --- [main] j.LocalContainerEntityManagerFactoryBean : Initialized JPA EntityManagerFactory for persistence unit 'default'
2024-05-09T16:45:29.230+04:00  WARN 12312 --- [main] JpaBaseConfiguration$JpaWebConfiguration : spring.jpa.open-in-view is enabled by default. Therefore, database queries may be performed during view rendering. Explicitly configure spring.jpa.open-in-view to disable this warning
2024-05-09T16:45:29.529+04:00  INFO 12312 --- [main] o.s.b.w.embedded.tomcat.TomcatWebServer  : Tomcat started on port(s): 8090 (http) with context path ''
2024-05-09T16:45:29.536+04:00  INFO 12312 --- [main] az.spring.blog.BlogApplication           : Started BlogApplication in 4.327 seconds (process running for 5.086)
2024-05-09T16:45:35.552+04:00  INFO 12312 --- [http-nio-8090-exec-1] o.a.c.c.C.[Tomcat].[localhost].[/]       : Initializing Spring DispatcherServlet 'dispatcherServlet'
2024-05-09T16:45:35.667+04:00  INFO 12312 --- [http-nio-8090-exec-1] a.s.blog.service.UserRegisterService     : Inside userRegistration az.spring.blog.request.user.UserRegisterRequest@6b2d6ff1
2024-05-09T16:45:35.824+04:00 ERROR 12312 --- [http-nio-8090-exec-1] a.s.b.exception.handler.CustomException  : handlerUserAlreadyExistsException BAD_REQUEST
2024-05-09T16:45:52.035+04:00  INFO 12312 --- [http-nio-8090-exec-5] a.s.blog.service.UserRegisterService     : Inside userRegistration az.spring.blog.request.user.UserRegisterRequest@27169e76
2024-05-09T16:45:52.045+04:00 ERROR 12312 --- [http-nio-8090-exec-5] a.s.b.exception.handler.CustomException  : handlerUserAlreadyExistsException BAD_REQUEST
2024-05-09T16:45:57.867+04:00  INFO 12312 --- [http-nio-8090-exec-6] a.s.blog.service.UserRegisterService     : Inside userRegistration az.spring.blog.request.user.UserRegisterRequest@5847c020
2024-05-09T16:45:57.875+04:00  INFO 12312 --- [http-nio-8090-exec-6] a.s.blog.service.UserRegisterService     : Inside register az.spring.blog.entity.user.User@665e8181
2024-05-09T16:45:57.939+04:00 ERROR 12312 --- [http-nio-8090-exec-6] o.a.c.c.C.[.[.[/].[dispatcherServlet]    : Servlet.service() for servlet [dispatcherServlet] in context with path [] threw exception [Handler dispatch failed: java.lang.NoSuchMethodError: 'java.lang.String az.spring.blog.entity.user.User.getCreatedBy()'] with root cause

java.lang.NoSuchMethodError: 'java.lang.String az.spring.blog.entity.user.User.getCreatedBy()'
	at az.spring.blog.mapper.UserMapperImpl.entityToResponse(UserMapperImpl.java:49) ~[classes/:na]
	at az.spring.blog.service.UserRegisterService.registerUser(UserRegisterService.java:36) ~[classes/:na]
	at az.spring.blog.controller.UserController.register(UserController.java:23) ~[classes/:na]
	at java.base/jdk.internal.reflect.NativeMethodAccessorImpl.invoke0(Native Method) ~[na:na]
	at java.base/jdk.internal.reflect.NativeMethodAccessorImpl.invoke(NativeMethodAccessorImpl.java:77) ~[na:na]
	at java.base/jdk.internal.reflect.DelegatingMethodAccessorImpl.invoke(DelegatingMethodAccessorImpl.java:43) ~[na:na]
	at java.base/java.lang.reflect.Method.invoke(Method.java:568) ~[na:na]
	at org.springframework.web.method.support.InvocableHandlerMethod.doInvoke(InvocableHandlerMethod.java:207) ~[spring-web-6.0.2.jar:6.0.2]
	at org.springframework.web.method.support.InvocableHandlerMethod.invokeForRequest(InvocableHandlerMethod.java:152) ~[spring-web-6.0.2.jar:6.0.2]
	at org.springframework.web.servlet.mvc.method.annotation.ServletInvocableHandlerMethod.invokeAndHandle(ServletInvocableHandlerMethod.java:117) ~[spring-webmvc-6.0.2.jar:6.0.2]
	at org.springframework.web.servlet.mvc.method.annotation.RequestMappingHandlerAdapter.invokeHandlerMethod(RequestMappingHandlerAdapter.java:884) ~[spring-webmvc-6.0.2.jar:6.0.2]
	at org.springframework.web.servlet.mvc.method.annotation.RequestMappingHandlerAdapter.handleInternal(RequestMappingHandlerAdapter.java:797) ~[spring-webmvc-6.0.2.jar:6.0.2]
	at org.springframework.web.servlet.mvc.method.AbstractHandlerMethodAdapter.handle(AbstractHandlerMethodAdapter.java:87) ~[spring-webmvc-6.0.2.jar:6.0.2]
	at org.springframework.web.servlet.DispatcherServlet.doDispatch(DispatcherServlet.java:1080) ~[spring-webmvc-6.0.2.jar:6.0.2]
	at org.springframework.web.servlet.DispatcherServlet.doService(DispatcherServlet.java:973) ~[spring-webmvc-6.0.2.jar:6.0.2]
	at org.springframework.web.servlet.FrameworkServlet.processRequest(FrameworkServlet.java:1003) ~[spring-webmvc-6.0.2.jar:6.0.2]
	at org.springframework.web.servlet.FrameworkServlet.doPost(FrameworkServlet.java:906) ~[spring-webmvc-6.0.2.jar:6.0.2]
	at jakarta.servlet.http.HttpServlet.service(HttpServlet.java:731) ~[tomcat-embed-core-10.1.1.jar:6.0]
	at org.springframework.web.servlet.FrameworkServlet.service(FrameworkServlet.java:880) ~[spring-webmvc-6.0.2.jar:6.0.2]
	at jakarta.servlet.http.HttpServlet.service(HttpServlet.java:814) ~[tomcat-embed-core-10.1.1.jar:6.0]
	at org.apache.catalina.core.ApplicationFilterChain.internalDoFilter(ApplicationFilterChain.java:223) ~[tomcat-embed-core-10.1.1.jar:10.1.1]
	at org.apache.catalina.core.ApplicationFilterChain.doFilter(ApplicationFilterChain.java:158) ~[tomcat-embed-core-10.1.1.jar:10.1.1]
	at org.apache.tomcat.websocket.server.WsFilter.doFilter(WsFilter.java:53) ~[tomcat-embed-websocket-10.1.1.jar:10.1.1]
	at org.apache.catalina.core.ApplicationFilterChain.internalDoFilter(ApplicationFilterChain.java:185) ~[tomcat-embed-core-10.1.1.jar:10.1.1]
	at org.apache.catalina.core.ApplicationFilterChain.doFilter(ApplicationFilterChain.java:158) ~[tomcat-embed-core-10.1.1.jar:10.1.1]
	at org.springframework.web.filter.RequestContextFilter.doFilterInternal(RequestContextFilter.java:100) ~[spring-web-6.0.2.jar:6.0.2]
	at org.springframework.web.filter.OncePerRequestFilter.doFilter(OncePerRequestFilter.java:116) ~[spring-web-6.0.2.jar:6.0.2]
	at org.apache.catalina.core.ApplicationFilterChain.internalDoFilter(ApplicationFilterChain.java:185) ~[tomcat-embed-core-10.1.1.jar:10.1.1]
	at org.apache.catalina.core.ApplicationFilterChain.doFilter(ApplicationFilterChain.java:158) ~[tomcat-embed-core-10.1.1.jar:10.1.1]
	at org.springframework.web.filter.FormContentFilter.doFilterInternal(FormContentFilter.java:93) ~[spring-web-6.0.2.jar:6.0.2]
	at org.springframework.web.filter.OncePerRequestFilter.doFilter(OncePerRequestFilter.java:116) ~[spring-web-6.0.2.jar:6.0.2]
	at org.apache.catalina.core.ApplicationFilterChain.internalDoFilter(ApplicationFilterChain.java:185) ~[tomcat-embed-core-10.1.1.jar:10.1.1]
	at org.apache.catalina.core.ApplicationFilterChain.doFilter(ApplicationFilterChain.java:158) ~[tomcat-embed-core-10.1.1.jar:10.1.1]
	at org.springframework.web.filter.CharacterEncodingFilter.doFilterInternal(CharacterEncodingFilter.java:201) ~[spring-web-6.0.2.jar:6.0.2]
	at org.springframework.web.filter.OncePerRequestFilter.doFilter(OncePerRequestFilter.java:116) ~[spring-web-6.0.2.jar:6.0.2]
	at org.apache.catalina.core.ApplicationFilterChain.internalDoFilter(ApplicationFilterChain.java:185) ~[tomcat-embed-core-10.1.1.jar:10.1.1]
	at org.apache.catalina.core.ApplicationFilterChain.doFilter(ApplicationFilterChain.java:158) ~[tomcat-embed-core-10.1.1.jar:10.1.1]
	at org.apache.catalina.core.StandardWrapperValve.invoke(StandardWrapperValve.java:197) ~[tomcat-embed-core-10.1.1.jar:10.1.1]
	at org.apache.catalina.core.StandardContextValve.invoke(StandardContextValve.java:97) ~[tomcat-embed-core-10.1.1.jar:10.1.1]
	at org.apache.catalina.authenticator.AuthenticatorBase.invoke(AuthenticatorBase.java:542) ~[tomcat-embed-core-10.1.1.jar:10.1.1]
	at org.apache.catalina.core.StandardHostValve.invoke(StandardHostValve.java:119) ~[tomcat-embed-core-10.1.1.jar:10.1.1]
	at org.apache.catalina.valves.ErrorReportValve.invoke(ErrorReportValve.java:92) ~[tomcat-embed-core-10.1.1.jar:10.1.1]
	at org.apache.catalina.core.StandardEngineValve.invoke(StandardEngineValve.java:78) ~[tomcat-embed-core-10.1.1.jar:10.1.1]
	at org.apache.catalina.connector.CoyoteAdapter.service(CoyoteAdapter.java:357) ~[tomcat-embed-core-10.1.1.jar:10.1.1]
	at org.apache.coyote.http11.Http11Processor.service(Http11Processor.java:400) ~[tomcat-embed-core-10.1.1.jar:10.1.1]
	at org.apache.coyote.AbstractProcessorLight.process(AbstractProcessorLight.java:65) ~[tomcat-embed-core-10.1.1.jar:10.1.1]
	at org.apache.coyote.AbstractProtocol$ConnectionHandler.process(AbstractProtocol.java:861) ~[tomcat-embed-core-10.1.1.jar:10.1.1]
	at org.apache.tomcat.util.net.NioEndpoint$SocketProcessor.doRun(NioEndpoint.java:1739) ~[tomcat-embed-core-10.1.1.jar:10.1.1]
	at org.apache.tomcat.util.net.SocketProcessorBase.run(SocketProcessorBase.java:52) ~[tomcat-embed-core-10.1.1.jar:10.1.1]
	at org.apache.tomcat.util.threads.ThreadPoolExecutor.runWorker(ThreadPoolExecutor.java:1191) ~[tomcat-embed-core-10.1.1.jar:10.1.1]
	at org.apache.tomcat.util.threads.ThreadPoolExecutor$Worker.run(ThreadPoolExecutor.java:659) ~[tomcat-embed-core-10.1.1.jar:10.1.1]
	at org.apache.tomcat.util.threads.TaskThread$WrappingRunnable.run(TaskThread.java:61) ~[tomcat-embed-core-10.1.1.jar:10.1.1]
	at java.base/java.lang.Thread.run(Thread.java:833) ~[na:na]

2024-05-09T16:47:10.479+04:00  INFO 12312 --- [SpringApplicationShutdownHook] j.LocalContainerEntityManagerFactoryBean : Closing JPA EntityManagerFactory for persistence unit 'default'
2024-05-09T16:47:10.483+04:00  INFO 12312 --- [SpringApplicationShutdownHook] com.zaxxer.hikari.HikariDataSource       : HikariPool-1 - Shutdown initiated...
2024-05-09T16:47:10.492+04:00  INFO 12312 --- [SpringApplicationShutdownHook] com.zaxxer.hikari.HikariDataSource       : HikariPool-1 - Shutdown completed.
2024-05-09T16:47:26.275+04:00  INFO 10284 --- [main] az.spring.blog.BlogApplication           : Starting BlogApplication using Java 17.0.8 with PID 10284 (C:\Users\User\Blog\target\classes started by User in C:\Users\User\Blog)
2024-05-09T16:47:26.278+04:00  INFO 10284 --- [main] az.spring.blog.BlogApplication           : No active profile set, falling back to 1 default profile: "default"
2024-05-09T16:47:26.968+04:00  INFO 10284 --- [main] .s.d.r.c.RepositoryConfigurationDelegate : Bootstrapping Spring Data JPA repositories in DEFAULT mode.
2024-05-09T16:47:27.021+04:00  INFO 10284 --- [main] .s.d.r.c.RepositoryConfigurationDelegate : Finished Spring Data repository scanning in 47 ms. Found 1 JPA repository interfaces.
2024-05-09T16:47:27.415+04:00  INFO 10284 --- [main] o.s.b.w.embedded.tomcat.TomcatWebServer  : Tomcat initialized with port(s): 8090 (http)
2024-05-09T16:47:27.425+04:00  INFO 10284 --- [main] o.apache.catalina.core.StandardService   : Starting service [Tomcat]
2024-05-09T16:47:27.425+04:00  INFO 10284 --- [main] o.apache.catalina.core.StandardEngine    : Starting Servlet engine: [Apache Tomcat/10.1.1]
2024-05-09T16:47:27.508+04:00  INFO 10284 --- [main] o.a.c.c.C.[Tomcat].[localhost].[/]       : Initializing Spring embedded WebApplicationContext
2024-05-09T16:47:27.508+04:00  INFO 10284 --- [main] w.s.c.ServletWebServerApplicationContext : Root WebApplicationContext: initialization completed in 1180 ms
2024-05-09T16:47:27.876+04:00  INFO 10284 --- [main] com.zaxxer.hikari.HikariDataSource       : HikariPool-1 - Starting...
2024-05-09T16:47:28.155+04:00  INFO 10284 --- [main] com.zaxxer.hikari.pool.HikariPool        : HikariPool-1 - Added connection com.mysql.cj.jdbc.ConnectionImpl@27afbf14
2024-05-09T16:47:28.157+04:00  INFO 10284 --- [main] com.zaxxer.hikari.HikariDataSource       : HikariPool-1 - Start completed.
2024-05-09T16:47:28.210+04:00  INFO 10284 --- [main] SQL dialect                              : HHH000400: Using dialect: org.hibernate.dialect.MySQLDialect
2024-05-09T16:47:29.131+04:00  INFO 10284 --- [main] j.LocalContainerEntityManagerFactoryBean : Initialized JPA EntityManagerFactory for persistence unit 'default'
2024-05-09T16:47:29.481+04:00  WARN 10284 --- [main] JpaBaseConfiguration$JpaWebConfiguration : spring.jpa.open-in-view is enabled by default. Therefore, database queries may be performed during view rendering. Explicitly configure spring.jpa.open-in-view to disable this warning
2024-05-09T16:47:29.818+04:00  INFO 10284 --- [main] o.s.b.w.embedded.tomcat.TomcatWebServer  : Tomcat started on port(s): 8090 (http) with context path ''
2024-05-09T16:47:29.840+04:00  INFO 10284 --- [main] az.spring.blog.BlogApplication           : Started BlogApplication in 4.198 seconds (process running for 4.868)
2024-05-09T16:47:42.298+04:00  INFO 10284 --- [http-nio-8090-exec-1] o.a.c.c.C.[Tomcat].[localhost].[/]       : Initializing Spring DispatcherServlet 'dispatcherServlet'
2024-05-09T16:47:42.421+04:00  INFO 10284 --- [http-nio-8090-exec-1] a.s.blog.service.UserRegisterService     : Inside userRegistration az.spring.blog.request.user.UserRegisterRequest@271649df
2024-05-09T16:47:42.574+04:00  INFO 10284 --- [http-nio-8090-exec-1] a.s.blog.service.UserRegisterService     : Inside register az.spring.blog.entity.user.User@35881783
2024-05-09T16:47:42.631+04:00 ERROR 10284 --- [http-nio-8090-exec-1] o.a.c.c.C.[.[.[/].[dispatcherServlet]    : Servlet.service() for servlet [dispatcherServlet] in context with path [] threw exception [Handler dispatch failed: java.lang.NoSuchMethodError: 'java.lang.String az.spring.blog.entity.user.User.getCreatedBy()'] with root cause

java.lang.NoSuchMethodError: 'java.lang.String az.spring.blog.entity.user.User.getCreatedBy()'
	at az.spring.blog.mapper.UserMapperImpl.entityToResponse(UserMapperImpl.java:49) ~[classes/:na]
	at az.spring.blog.service.UserRegisterService.registerUser(UserRegisterService.java:36) ~[classes/:na]
	at az.spring.blog.controller.UserController.register(UserController.java:23) ~[classes/:na]
	at java.base/jdk.internal.reflect.NativeMethodAccessorImpl.invoke0(Native Method) ~[na:na]
	at java.base/jdk.internal.reflect.NativeMethodAccessorImpl.invoke(NativeMethodAccessorImpl.java:77) ~[na:na]
	at java.base/jdk.internal.reflect.DelegatingMethodAccessorImpl.invoke(DelegatingMethodAccessorImpl.java:43) ~[na:na]
	at java.base/java.lang.reflect.Method.invoke(Method.java:568) ~[na:na]
	at org.springframework.web.method.support.InvocableHandlerMethod.doInvoke(InvocableHandlerMethod.java:207) ~[spring-web-6.0.2.jar:6.0.2]
	at org.springframework.web.method.support.InvocableHandlerMethod.invokeForRequest(InvocableHandlerMethod.java:152) ~[spring-web-6.0.2.jar:6.0.2]
	at org.springframework.web.servlet.mvc.method.annotation.ServletInvocableHandlerMethod.invokeAndHandle(ServletInvocableHandlerMethod.java:117) ~[spring-webmvc-6.0.2.jar:6.0.2]
	at org.springframework.web.servlet.mvc.method.annotation.RequestMappingHandlerAdapter.invokeHandlerMethod(RequestMappingHandlerAdapter.java:884) ~[spring-webmvc-6.0.2.jar:6.0.2]
	at org.springframework.web.servlet.mvc.method.annotation.RequestMappingHandlerAdapter.handleInternal(RequestMappingHandlerAdapter.java:797) ~[spring-webmvc-6.0.2.jar:6.0.2]
	at org.springframework.web.servlet.mvc.method.AbstractHandlerMethodAdapter.handle(AbstractHandlerMethodAdapter.java:87) ~[spring-webmvc-6.0.2.jar:6.0.2]
	at org.springframework.web.servlet.DispatcherServlet.doDispatch(DispatcherServlet.java:1080) ~[spring-webmvc-6.0.2.jar:6.0.2]
	at org.springframework.web.servlet.DispatcherServlet.doService(DispatcherServlet.java:973) ~[spring-webmvc-6.0.2.jar:6.0.2]
	at org.springframework.web.servlet.FrameworkServlet.processRequest(FrameworkServlet.java:1003) ~[spring-webmvc-6.0.2.jar:6.0.2]
	at org.springframework.web.servlet.FrameworkServlet.doPost(FrameworkServlet.java:906) ~[spring-webmvc-6.0.2.jar:6.0.2]
	at jakarta.servlet.http.HttpServlet.service(HttpServlet.java:731) ~[tomcat-embed-core-10.1.1.jar:6.0]
	at org.springframework.web.servlet.FrameworkServlet.service(FrameworkServlet.java:880) ~[spring-webmvc-6.0.2.jar:6.0.2]
	at jakarta.servlet.http.HttpServlet.service(HttpServlet.java:814) ~[tomcat-embed-core-10.1.1.jar:6.0]
	at org.apache.catalina.core.ApplicationFilterChain.internalDoFilter(ApplicationFilterChain.java:223) ~[tomcat-embed-core-10.1.1.jar:10.1.1]
	at org.apache.catalina.core.ApplicationFilterChain.doFilter(ApplicationFilterChain.java:158) ~[tomcat-embed-core-10.1.1.jar:10.1.1]
	at org.apache.tomcat.websocket.server.WsFilter.doFilter(WsFilter.java:53) ~[tomcat-embed-websocket-10.1.1.jar:10.1.1]
	at org.apache.catalina.core.ApplicationFilterChain.internalDoFilter(ApplicationFilterChain.java:185) ~[tomcat-embed-core-10.1.1.jar:10.1.1]
	at org.apache.catalina.core.ApplicationFilterChain.doFilter(ApplicationFilterChain.java:158) ~[tomcat-embed-core-10.1.1.jar:10.1.1]
	at org.springframework.web.filter.RequestContextFilter.doFilterInternal(RequestContextFilter.java:100) ~[spring-web-6.0.2.jar:6.0.2]
	at org.springframework.web.filter.OncePerRequestFilter.doFilter(OncePerRequestFilter.java:116) ~[spring-web-6.0.2.jar:6.0.2]
	at org.apache.catalina.core.ApplicationFilterChain.internalDoFilter(ApplicationFilterChain.java:185) ~[tomcat-embed-core-10.1.1.jar:10.1.1]
	at org.apache.catalina.core.ApplicationFilterChain.doFilter(ApplicationFilterChain.java:158) ~[tomcat-embed-core-10.1.1.jar:10.1.1]
	at org.springframework.web.filter.FormContentFilter.doFilterInternal(FormContentFilter.java:93) ~[spring-web-6.0.2.jar:6.0.2]
	at org.springframework.web.filter.OncePerRequestFilter.doFilter(OncePerRequestFilter.java:116) ~[spring-web-6.0.2.jar:6.0.2]
	at org.apache.catalina.core.ApplicationFilterChain.internalDoFilter(ApplicationFilterChain.java:185) ~[tomcat-embed-core-10.1.1.jar:10.1.1]
	at org.apache.catalina.core.ApplicationFilterChain.doFilter(ApplicationFilterChain.java:158) ~[tomcat-embed-core-10.1.1.jar:10.1.1]
	at org.springframework.web.filter.CharacterEncodingFilter.doFilterInternal(CharacterEncodingFilter.java:201) ~[spring-web-6.0.2.jar:6.0.2]
	at org.springframework.web.filter.OncePerRequestFilter.doFilter(OncePerRequestFilter.java:116) ~[spring-web-6.0.2.jar:6.0.2]
	at org.apache.catalina.core.ApplicationFilterChain.internalDoFilter(ApplicationFilterChain.java:185) ~[tomcat-embed-core-10.1.1.jar:10.1.1]
	at org.apache.catalina.core.ApplicationFilterChain.doFilter(ApplicationFilterChain.java:158) ~[tomcat-embed-core-10.1.1.jar:10.1.1]
	at org.apache.catalina.core.StandardWrapperValve.invoke(StandardWrapperValve.java:197) ~[tomcat-embed-core-10.1.1.jar:10.1.1]
	at org.apache.catalina.core.StandardContextValve.invoke(StandardContextValve.java:97) ~[tomcat-embed-core-10.1.1.jar:10.1.1]
	at org.apache.catalina.authenticator.AuthenticatorBase.invoke(AuthenticatorBase.java:542) ~[tomcat-embed-core-10.1.1.jar:10.1.1]
	at org.apache.catalina.core.StandardHostValve.invoke(StandardHostValve.java:119) ~[tomcat-embed-core-10.1.1.jar:10.1.1]
	at org.apache.catalina.valves.ErrorReportValve.invoke(ErrorReportValve.java:92) ~[tomcat-embed-core-10.1.1.jar:10.1.1]
	at org.apache.catalina.core.StandardEngineValve.invoke(StandardEngineValve.java:78) ~[tomcat-embed-core-10.1.1.jar:10.1.1]
	at org.apache.catalina.connector.CoyoteAdapter.service(CoyoteAdapter.java:357) ~[tomcat-embed-core-10.1.1.jar:10.1.1]
	at org.apache.coyote.http11.Http11Processor.service(Http11Processor.java:400) ~[tomcat-embed-core-10.1.1.jar:10.1.1]
	at org.apache.coyote.AbstractProcessorLight.process(AbstractProcessorLight.java:65) ~[tomcat-embed-core-10.1.1.jar:10.1.1]
	at org.apache.coyote.AbstractProtocol$ConnectionHandler.process(AbstractProtocol.java:861) ~[tomcat-embed-core-10.1.1.jar:10.1.1]
	at org.apache.tomcat.util.net.NioEndpoint$SocketProcessor.doRun(NioEndpoint.java:1739) ~[tomcat-embed-core-10.1.1.jar:10.1.1]
	at org.apache.tomcat.util.net.SocketProcessorBase.run(SocketProcessorBase.java:52) ~[tomcat-embed-core-10.1.1.jar:10.1.1]
	at org.apache.tomcat.util.threads.ThreadPoolExecutor.runWorker(ThreadPoolExecutor.java:1191) ~[tomcat-embed-core-10.1.1.jar:10.1.1]
	at org.apache.tomcat.util.threads.ThreadPoolExecutor$Worker.run(ThreadPoolExecutor.java:659) ~[tomcat-embed-core-10.1.1.jar:10.1.1]
	at org.apache.tomcat.util.threads.TaskThread$WrappingRunnable.run(TaskThread.java:61) ~[tomcat-embed-core-10.1.1.jar:10.1.1]
	at java.base/java.lang.Thread.run(Thread.java:833) ~[na:na]

2024-05-09T16:48:34.081+04:00  INFO 22128 --- [main] az.spring.blog.BlogApplicationTests      : Starting BlogApplicationTests using Java 17.0.8 with PID 22128 (started by User in C:\Users\User\Blog)
2024-05-09T16:48:34.083+04:00  INFO 22128 --- [main] az.spring.blog.BlogApplicationTests      : No active profile set, falling back to 1 default profile: "default"
2024-05-09T16:48:34.964+04:00  INFO 22128 --- [main] .s.d.r.c.RepositoryConfigurationDelegate : Bootstrapping Spring Data JPA repositories in DEFAULT mode.
2024-05-09T16:48:35.061+04:00  INFO 22128 --- [main] .s.d.r.c.RepositoryConfigurationDelegate : Finished Spring Data repository scanning in 82 ms. Found 1 JPA repository interfaces.
2024-05-09T16:48:36.220+04:00  INFO 22128 --- [main] com.zaxxer.hikari.HikariDataSource       : HikariPool-1 - Starting...
2024-05-09T16:48:36.627+04:00  INFO 22128 --- [main] com.zaxxer.hikari.pool.HikariPool        : HikariPool-1 - Added connection com.mysql.cj.jdbc.ConnectionImpl@1b3bec6c
2024-05-09T16:48:36.631+04:00  INFO 22128 --- [main] com.zaxxer.hikari.HikariDataSource       : HikariPool-1 - Start completed.
2024-05-09T16:48:36.705+04:00  INFO 22128 --- [main] SQL dialect                              : HHH000400: Using dialect: org.hibernate.dialect.MySQLDialect
2024-05-09T16:48:37.803+04:00  INFO 22128 --- [main] j.LocalContainerEntityManagerFactoryBean : Initialized JPA EntityManagerFactory for persistence unit 'default'
2024-05-09T16:48:38.496+04:00  WARN 22128 --- [main] JpaBaseConfiguration$JpaWebConfiguration : spring.jpa.open-in-view is enabled by default. Therefore, database queries may be performed during view rendering. Explicitly configure spring.jpa.open-in-view to disable this warning
2024-05-09T16:48:39.020+04:00  INFO 22128 --- [main] az.spring.blog.BlogApplicationTests      : Started BlogApplicationTests in 5.41 seconds (process running for 6.579)
2024-05-09T16:48:39.356+04:00  INFO 22128 --- [SpringApplicationShutdownHook] j.LocalContainerEntityManagerFactoryBean : Closing JPA EntityManagerFactory for persistence unit 'default'
2024-05-09T16:48:39.359+04:00  INFO 22128 --- [SpringApplicationShutdownHook] com.zaxxer.hikari.HikariDataSource       : HikariPool-1 - Shutdown initiated...
2024-05-09T16:48:39.375+04:00  INFO 22128 --- [SpringApplicationShutdownHook] com.zaxxer.hikari.HikariDataSource       : HikariPool-1 - Shutdown completed.
2024-05-09T16:48:48.117+04:00  INFO 10284 --- [SpringApplicationShutdownHook] j.LocalContainerEntityManagerFactoryBean : Closing JPA EntityManagerFactory for persistence unit 'default'
2024-05-09T16:48:48.227+04:00  INFO 10284 --- [SpringApplicationShutdownHook] com.zaxxer.hikari.HikariDataSource       : HikariPool-1 - Shutdown initiated...
2024-05-09T16:48:48.239+04:00  INFO 10284 --- [SpringApplicationShutdownHook] com.zaxxer.hikari.HikariDataSource       : HikariPool-1 - Shutdown completed.
2024-05-09T16:48:51.101+04:00  INFO 12464 --- [main] az.spring.blog.BlogApplication           : Starting BlogApplication using Java 17.0.8 with PID 12464 (C:\Users\User\Blog\target\classes started by User in C:\Users\User\Blog)
2024-05-09T16:48:51.105+04:00  INFO 12464 --- [main] az.spring.blog.BlogApplication           : No active profile set, falling back to 1 default profile: "default"
2024-05-09T16:48:51.795+04:00  INFO 12464 --- [main] .s.d.r.c.RepositoryConfigurationDelegate : Bootstrapping Spring Data JPA repositories in DEFAULT mode.
2024-05-09T16:48:51.846+04:00  INFO 12464 --- [main] .s.d.r.c.RepositoryConfigurationDelegate : Finished Spring Data repository scanning in 44 ms. Found 1 JPA repository interfaces.
2024-05-09T16:48:52.298+04:00  INFO 12464 --- [main] o.s.b.w.embedded.tomcat.TomcatWebServer  : Tomcat initialized with port(s): 8090 (http)
2024-05-09T16:48:52.307+04:00  INFO 12464 --- [main] o.apache.catalina.core.StandardService   : Starting service [Tomcat]
2024-05-09T16:48:52.308+04:00  INFO 12464 --- [main] o.apache.catalina.core.StandardEngine    : Starting Servlet engine: [Apache Tomcat/10.1.1]
2024-05-09T16:48:52.396+04:00  INFO 12464 --- [main] o.a.c.c.C.[Tomcat].[localhost].[/]       : Initializing Spring embedded WebApplicationContext
2024-05-09T16:48:52.397+04:00  INFO 12464 --- [main] w.s.c.ServletWebServerApplicationContext : Root WebApplicationContext: initialization completed in 1241 ms
2024-05-09T16:48:52.838+04:00  INFO 12464 --- [main] com.zaxxer.hikari.HikariDataSource       : HikariPool-1 - Starting...
2024-05-09T16:48:53.141+04:00  INFO 12464 --- [main] com.zaxxer.hikari.pool.HikariPool        : HikariPool-1 - Added connection com.mysql.cj.jdbc.ConnectionImpl@69ba3f4e
2024-05-09T16:48:53.143+04:00  INFO 12464 --- [main] com.zaxxer.hikari.HikariDataSource       : HikariPool-1 - Start completed.
2024-05-09T16:48:53.201+04:00  INFO 12464 --- [main] SQL dialect                              : HHH000400: Using dialect: org.hibernate.dialect.MySQLDialect
2024-05-09T16:48:54.077+04:00  INFO 12464 --- [main] j.LocalContainerEntityManagerFactoryBean : Initialized JPA EntityManagerFactory for persistence unit 'default'
2024-05-09T16:48:54.400+04:00  WARN 12464 --- [main] JpaBaseConfiguration$JpaWebConfiguration : spring.jpa.open-in-view is enabled by default. Therefore, database queries may be performed during view rendering. Explicitly configure spring.jpa.open-in-view to disable this warning
2024-05-09T16:48:54.724+04:00  INFO 12464 --- [main] o.s.b.w.embedded.tomcat.TomcatWebServer  : Tomcat started on port(s): 8090 (http) with context path ''
2024-05-09T16:48:54.733+04:00  INFO 12464 --- [main] az.spring.blog.BlogApplication           : Started BlogApplication in 4.239 seconds (process running for 4.837)
2024-05-09T16:48:59.781+04:00  INFO 12464 --- [http-nio-8090-exec-4] o.a.c.c.C.[Tomcat].[localhost].[/]       : Initializing Spring DispatcherServlet 'dispatcherServlet'
2024-05-09T16:48:59.919+04:00  INFO 12464 --- [http-nio-8090-exec-4] a.s.blog.service.UserRegisterService     : Inside userRegistration az.spring.blog.request.user.UserRegisterRequest@1733b542
2024-05-09T16:49:00.065+04:00  INFO 12464 --- [http-nio-8090-exec-4] a.s.blog.service.UserRegisterService     : Inside register az.spring.blog.entity.user.User@7e581a6d
2024-05-09T16:57:22.381+04:00  INFO 12464 --- [SpringApplicationShutdownHook] j.LocalContainerEntityManagerFactoryBean : Closing JPA EntityManagerFactory for persistence unit 'default'
2024-05-09T16:57:22.390+04:00  INFO 12464 --- [SpringApplicationShutdownHook] com.zaxxer.hikari.HikariDataSource       : HikariPool-1 - Shutdown initiated...
2024-05-09T16:57:22.403+04:00  INFO 12464 --- [SpringApplicationShutdownHook] com.zaxxer.hikari.HikariDataSource       : HikariPool-1 - Shutdown completed.
2024-05-09T16:57:27.852+04:00  INFO 10748 --- [main] az.spring.blog.BlogApplication           : Starting BlogApplication using Java 17.0.8 with PID 10748 (C:\Users\User\Blog\target\classes started by User in C:\Users\User\Blog)
2024-05-09T16:57:27.854+04:00  INFO 10748 --- [main] az.spring.blog.BlogApplication           : No active profile set, falling back to 1 default profile: "default"
2024-05-09T16:57:28.479+04:00  INFO 10748 --- [main] .s.d.r.c.RepositoryConfigurationDelegate : Bootstrapping Spring Data JPA repositories in DEFAULT mode.
2024-05-09T16:57:28.533+04:00  INFO 10748 --- [main] .s.d.r.c.RepositoryConfigurationDelegate : Finished Spring Data repository scanning in 47 ms. Found 1 JPA repository interfaces.
2024-05-09T16:57:28.985+04:00  INFO 10748 --- [main] o.s.b.w.embedded.tomcat.TomcatWebServer  : Tomcat initialized with port(s): 8090 (http)
2024-05-09T16:57:28.993+04:00  INFO 10748 --- [main] o.apache.catalina.core.StandardService   : Starting service [Tomcat]
2024-05-09T16:57:28.994+04:00  INFO 10748 --- [main] o.apache.catalina.core.StandardEngine    : Starting Servlet engine: [Apache Tomcat/10.1.1]
2024-05-09T16:57:29.082+04:00  INFO 10748 --- [main] o.a.c.c.C.[Tomcat].[localhost].[/]       : Initializing Spring embedded WebApplicationContext
2024-05-09T16:57:29.082+04:00  INFO 10748 --- [main] w.s.c.ServletWebServerApplicationContext : Root WebApplicationContext: initialization completed in 1179 ms
2024-05-09T16:57:29.471+04:00  INFO 10748 --- [main] com.zaxxer.hikari.HikariDataSource       : HikariPool-1 - Starting...
2024-05-09T16:57:29.794+04:00  INFO 10748 --- [main] com.zaxxer.hikari.pool.HikariPool        : HikariPool-1 - Added connection com.mysql.cj.jdbc.ConnectionImpl@bd4ee01
2024-05-09T16:57:29.795+04:00  INFO 10748 --- [main] com.zaxxer.hikari.HikariDataSource       : HikariPool-1 - Start completed.
2024-05-09T16:57:29.848+04:00  INFO 10748 --- [main] SQL dialect                              : HHH000400: Using dialect: org.hibernate.dialect.MySQLDialect
2024-05-09T16:57:30.645+04:00  INFO 10748 --- [main] j.LocalContainerEntityManagerFactoryBean : Initialized JPA EntityManagerFactory for persistence unit 'default'
2024-05-09T16:57:30.948+04:00  WARN 10748 --- [main] JpaBaseConfiguration$JpaWebConfiguration : spring.jpa.open-in-view is enabled by default. Therefore, database queries may be performed during view rendering. Explicitly configure spring.jpa.open-in-view to disable this warning
2024-05-09T16:57:31.264+04:00  INFO 10748 --- [main] o.s.b.w.embedded.tomcat.TomcatWebServer  : Tomcat started on port(s): 8090 (http) with context path ''
2024-05-09T16:57:31.272+04:00  INFO 10748 --- [main] az.spring.blog.BlogApplication           : Started BlogApplication in 4.02 seconds (process running for 4.83)
2024-05-09T16:57:35.117+04:00  INFO 10748 --- [http-nio-8090-exec-5] o.a.c.c.C.[Tomcat].[localhost].[/]       : Initializing Spring DispatcherServlet 'dispatcherServlet'
2024-05-09T16:57:35.234+04:00  INFO 10748 --- [http-nio-8090-exec-5] a.s.blog.service.UserRegisterService     : Inside userRegistration az.spring.blog.request.user.UserRegisterRequest@257efe2b
2024-05-09T16:57:35.371+04:00 ERROR 10748 --- [http-nio-8090-exec-5] a.s.b.exception.handler.CustomException  : handlerUserAlreadyExistsException BAD_REQUEST
2024-05-09T16:57:46.156+04:00  INFO 10748 --- [http-nio-8090-exec-3] a.s.blog.service.UserRegisterService     : Inside userRegistration az.spring.blog.request.user.UserRegisterRequest@3188556d
2024-05-09T16:57:46.169+04:00  INFO 10748 --- [http-nio-8090-exec-3] a.s.blog.service.UserRegisterService     : Inside register az.spring.blog.entity.user.User@4f95271d
2024-05-09T17:06:27.042+04:00  INFO 10748 --- [SpringApplicationShutdownHook] j.LocalContainerEntityManagerFactoryBean : Closing JPA EntityManagerFactory for persistence unit 'default'
2024-05-09T17:06:27.046+04:00  INFO 10748 --- [SpringApplicationShutdownHook] com.zaxxer.hikari.HikariDataSource       : HikariPool-1 - Shutdown initiated...
2024-05-09T17:06:27.059+04:00  INFO 10748 --- [SpringApplicationShutdownHook] com.zaxxer.hikari.HikariDataSource       : HikariPool-1 - Shutdown completed.
2024-05-09T17:06:50.748+04:00  INFO 15136 --- [main] az.spring.blog.BlogApplication           : Starting BlogApplication using Java 17.0.8 with PID 15136 (C:\Users\User\Blog\target\classes started by User in C:\Users\User\Blog)
2024-05-09T17:06:50.751+04:00  INFO 15136 --- [main] az.spring.blog.BlogApplication           : No active profile set, falling back to 1 default profile: "default"
2024-05-09T17:06:51.406+04:00  INFO 15136 --- [main] .s.d.r.c.RepositoryConfigurationDelegate : Bootstrapping Spring Data JPA repositories in DEFAULT mode.
2024-05-09T17:06:51.473+04:00  INFO 15136 --- [main] .s.d.r.c.RepositoryConfigurationDelegate : Finished Spring Data repository scanning in 57 ms. Found 1 JPA repository interfaces.
2024-05-09T17:06:51.937+04:00  INFO 15136 --- [main] o.s.b.w.embedded.tomcat.TomcatWebServer  : Tomcat initialized with port(s): 8090 (http)
2024-05-09T17:06:51.948+04:00  INFO 15136 --- [main] o.apache.catalina.core.StandardService   : Starting service [Tomcat]
2024-05-09T17:06:51.948+04:00  INFO 15136 --- [main] o.apache.catalina.core.StandardEngine    : Starting Servlet engine: [Apache Tomcat/10.1.1]
2024-05-09T17:06:52.037+04:00  INFO 15136 --- [main] o.a.c.c.C.[Tomcat].[localhost].[/]       : Initializing Spring embedded WebApplicationContext
2024-05-09T17:06:52.038+04:00  INFO 15136 --- [main] w.s.c.ServletWebServerApplicationContext : Root WebApplicationContext: initialization completed in 1240 ms
2024-05-09T17:06:52.457+04:00  INFO 15136 --- [main] com.zaxxer.hikari.HikariDataSource       : HikariPool-1 - Starting...
2024-05-09T17:06:52.751+04:00  INFO 15136 --- [main] com.zaxxer.hikari.pool.HikariPool        : HikariPool-1 - Added connection com.mysql.cj.jdbc.ConnectionImpl@7d284f15
2024-05-09T17:06:52.752+04:00  INFO 15136 --- [main] com.zaxxer.hikari.HikariDataSource       : HikariPool-1 - Start completed.
2024-05-09T17:06:52.802+04:00  INFO 15136 --- [main] SQL dialect                              : HHH000400: Using dialect: org.hibernate.dialect.MySQLDialect
2024-05-09T17:06:53.627+04:00  INFO 15136 --- [main] j.LocalContainerEntityManagerFactoryBean : Initialized JPA EntityManagerFactory for persistence unit 'default'
2024-05-09T17:06:53.903+04:00  WARN 15136 --- [main] JpaBaseConfiguration$JpaWebConfiguration : spring.jpa.open-in-view is enabled by default. Therefore, database queries may be performed during view rendering. Explicitly configure spring.jpa.open-in-view to disable this warning
2024-05-09T17:06:54.217+04:00  INFO 15136 --- [main] o.s.b.w.embedded.tomcat.TomcatWebServer  : Tomcat started on port(s): 8090 (http) with context path ''
2024-05-09T17:06:54.232+04:00  INFO 15136 --- [main] az.spring.blog.BlogApplication           : Started BlogApplication in 4.107 seconds (process running for 4.757)
2024-05-09T17:06:59.833+04:00  INFO 15136 --- [http-nio-8090-exec-1] o.a.c.c.C.[Tomcat].[localhost].[/]       : Initializing Spring DispatcherServlet 'dispatcherServlet'
2024-05-09T17:06:59.929+04:00  INFO 15136 --- [http-nio-8090-exec-1] a.s.blog.service.UserRegisterService     : Inside userRegistration az.spring.blog.request.user.UserRegisterRequest@2e05f004
2024-05-09T17:07:00.063+04:00  INFO 15136 --- [http-nio-8090-exec-1] a.s.blog.service.UserRegisterService     : Inside register az.spring.blog.entity.user.User@7ce88c34
2024-05-09T17:07:05.986+04:00  INFO 15136 --- [http-nio-8090-exec-3] a.s.blog.service.UserRegisterService     : Inside userRegistration az.spring.blog.request.user.UserRegisterRequest@4e27da1c
2024-05-09T17:07:05.994+04:00  INFO 15136 --- [http-nio-8090-exec-3] a.s.blog.service.UserRegisterService     : Inside register az.spring.blog.entity.user.User@4cecef78
2024-05-09T17:07:28.347+04:00  INFO 15136 --- [SpringApplicationShutdownHook] j.LocalContainerEntityManagerFactoryBean : Closing JPA EntityManagerFactory for persistence unit 'default'
2024-05-09T17:07:28.349+04:00  INFO 15136 --- [SpringApplicationShutdownHook] com.zaxxer.hikari.HikariDataSource       : HikariPool-1 - Shutdown initiated...
2024-05-09T17:07:28.359+04:00  INFO 15136 --- [SpringApplicationShutdownHook] com.zaxxer.hikari.HikariDataSource       : HikariPool-1 - Shutdown completed.
